<?xml version="1.0" encoding="UTF-8"?>
<!-- Generated by org.testng.reporters.JUnitReportReporter -->
<testsuite skipped="4" hostname="MacBook-Air-ONE.local" name="tests.FirstTest" tests="6" failures="0" timestamp="2021-12-02T13:05:01 MSK" time="35.940" errors="0">
  <testcase name="test1" time="15.702" classname="tests.FirstTest"/>
  <system-out/>
  <testcase name="test1" time="20.238" classname="tests.FirstTest"/>
  <system-out/>
  <testcase name="test2" classname="tests.FirstTest">
    <skipped/>
  </testcase> <!-- test2 -->
  <system-out/>
  <testcase name="test2" classname="tests.FirstTest">
    <skipped/>
  </testcase> <!-- test2 -->
  <system-out/>
  <testcase name="test3" classname="tests.FirstTest">
    <skipped/>
  </testcase> <!-- test3 -->
  <system-out/>
  <testcase name="test3" classname="tests.FirstTest">
    <skipped/>
  </testcase> <!-- test3 -->
  <system-out/>
</testsuite> <!-- tests.FirstTest -->
