<?xml version="1.0" encoding="UTF-8"?>
<!-- Generated by org.testng.reporters.JUnitReportReporter -->
<testsuite skipped="0" hostname="MacBook-Air-ONE.local" name="tests.FirstTest" tests="6" failures="0" timestamp="2021-12-02T14:43:36 MSK" time="121.469" errors="0">
  <testcase name="test3" time="29.359" classname="tests.FirstTest"/>
  <system-out/>
  <testcase name="test2" time="7.628" classname="tests.FirstTest"/>
  <system-out/>
  <testcase name="test2" time="13.293" classname="tests.FirstTest"/>
  <system-out/>
  <testcase name="test3" time="25.160" classname="tests.FirstTest"/>
  <system-out/>
  <testcase name="test1" time="24.610" classname="tests.FirstTest"/>
  <system-out/>
  <testcase name="test1" time="21.419" classname="tests.FirstTest"/>
  <system-out/>
</testsuite> <!-- tests.FirstTest -->
