<?xml version="1.0" encoding="UTF-8"?>
<!-- Generated by org.testng.reporters.JUnitReportReporter -->
<testsuite hostname="MacBook-Air-ONE.local" failures="0" tests="9" name="tests.FirstTest" time="36.468" errors="0" timestamp="2021-12-05T17:22:18 MSK" skipped="6">
  <testcase classname="tests.FirstTest" name="test1" time="7.718"/>
  <system-out/>
  <testcase classname="tests.FirstTest" name="test1" time="12.754"/>
  <system-out/>
  <testcase classname="tests.FirstTest" name="test1" time="15.996"/>
  <system-out/>
  <testcase classname="tests.FirstTest" name="test2">
    <skipped/>
  </testcase> <!-- test2 -->
  <system-out/>
  <testcase classname="tests.FirstTest" name="test2">
    <skipped/>
  </testcase> <!-- test2 -->
  <system-out/>
  <testcase classname="tests.FirstTest" name="test2">
    <skipped/>
  </testcase> <!-- test2 -->
  <system-out/>
  <testcase classname="tests.FirstTest" name="test3">
    <skipped/>
  </testcase> <!-- test3 -->
  <system-out/>
  <testcase classname="tests.FirstTest" name="test3">
    <skipped/>
  </testcase> <!-- test3 -->
  <system-out/>
  <testcase classname="tests.FirstTest" name="test3">
    <skipped/>
  </testcase> <!-- test3 -->
  <system-out/>
</testsuite> <!-- tests.FirstTest -->
